Determining if the pthread_create exist failed with the following output:
Change Dir: /apollo/darknet/build-release/CMakeFiles/CMakeTmp

Run Build Command:"/usr/bin/make" "cmTC_31e5c/fast"
/usr/bin/make -f CMakeFiles/cmTC_31e5c.dir/build.make CMakeFiles/cmTC_31e5c.dir/build
make[1]: Entering directory '/apollo/darknet/build-release/CMakeFiles/CMakeTmp'
Building C object CMakeFiles/cmTC_31e5c.dir/CheckSymbolExists.c.o
/usr/bin/cc    -o CMakeFiles/cmTC_31e5c.dir/CheckSymbolExists.c.o   -c /apollo/darknet/build-release/CMakeFiles/CMakeTmp/CheckSymbolExists.c
Linking C executable cmTC_31e5c
/usr/bin/cmake -E cmake_link_script CMakeFiles/cmTC_31e5c.dir/link.txt --verbose=1
/usr/bin/cc      CMakeFiles/cmTC_31e5c.dir/CheckSymbolExists.c.o  -o cmTC_31e5c 
CMakeFiles/cmTC_31e5c.dir/CheckSymbolExists.c.o: In function `main':
CheckSymbolExists.c:(.text+0x16): undefined reference to `pthread_create'
collect2: error: ld returned 1 exit status
CMakeFiles/cmTC_31e5c.dir/build.make:97: recipe for target 'cmTC_31e5c' failed
make[1]: *** [cmTC_31e5c] Error 1
make[1]: Leaving directory '/apollo/darknet/build-release/CMakeFiles/CMakeTmp'
Makefile:126: recipe for target 'cmTC_31e5c/fast' failed
make: *** [cmTC_31e5c/fast] Error 2

File /apollo/darknet/build-release/CMakeFiles/CMakeTmp/CheckSymbolExists.c:
/* */
#include <pthread.h>

int main(int argc, char** argv)
{
  (void)argv;
#ifndef pthread_create
  return ((int*)(&pthread_create))[argc];
#else
  (void)argc;
  return 0;
#endif
}

Determining if the function pthread_create exists in the pthreads failed with the following output:
Change Dir: /apollo/darknet/build-release/CMakeFiles/CMakeTmp

Run Build Command:"/usr/bin/make" "cmTC_6a1e5/fast"
/usr/bin/make -f CMakeFiles/cmTC_6a1e5.dir/build.make CMakeFiles/cmTC_6a1e5.dir/build
make[1]: Entering directory '/apollo/darknet/build-release/CMakeFiles/CMakeTmp'
Building C object CMakeFiles/cmTC_6a1e5.dir/CheckFunctionExists.c.o
/usr/bin/cc   -DCHECK_FUNCTION_EXISTS=pthread_create   -o CMakeFiles/cmTC_6a1e5.dir/CheckFunctionExists.c.o   -c /usr/share/cmake-3.10/Modules/CheckFunctionExists.c
Linking C executable cmTC_6a1e5
/usr/bin/cmake -E cmake_link_script CMakeFiles/cmTC_6a1e5.dir/link.txt --verbose=1
/usr/bin/cc  -DCHECK_FUNCTION_EXISTS=pthread_create    CMakeFiles/cmTC_6a1e5.dir/CheckFunctionExists.c.o  -o cmTC_6a1e5 -lpthreads 
/usr/bin/ld: cannot find -lpthreads
collect2: error: ld returned 1 exit status
CMakeFiles/cmTC_6a1e5.dir/build.make:97: recipe for target 'cmTC_6a1e5' failed
make[1]: *** [cmTC_6a1e5] Error 1
make[1]: Leaving directory '/apollo/darknet/build-release/CMakeFiles/CMakeTmp'
Makefile:126: recipe for target 'cmTC_6a1e5/fast' failed
make: *** [cmTC_6a1e5/fast] Error 2


